

times in msec
 clock   self+sourced   self:  sourced script
 clock   elapsed:              other lines

000.012  000.012: --- NVIM STARTING ---
001.097  001.086: locale set
001.728  000.630: inits 1
001.760  000.032: window checked
001.767  000.007: parsing arguments
002.108  000.341: expanding arguments
002.200  000.092: inits 2
003.221  001.020: init highlight
003.582  000.362: waiting for UI
006.325  002.742: done waiting for UI
006.360  000.036: initialized screen early for UI
008.068  000.434  000.434: sourcing /usr/local/nvim-nightly/nvim-osx64-nov_5_2019/share/nvim/runtime/syntax/syncolor.vim
008.282  000.888  000.455: sourcing /usr/local/nvim-nightly/nvim-osx64-nov_5_2019/share/nvim/runtime/syntax/synload.vim
019.219  010.727  010.727: sourcing /usr/local/nvim-nightly/nvim-osx64-nov_5_2019/share/nvim/runtime/filetype.vim
019.379  012.250  000.634: sourcing /usr/local/nvim-nightly/nvim-osx64-nov_5_2019/share/nvim/runtime/syntax/syntax.vim
020.287  000.263  000.263: sourcing /usr/local/nvim-nightly/nvim-osx64-nov_5_2019/share/nvim/runtime/syntax/syncolor.vim
021.238  000.350  000.350: sourcing /usr/local/nvim-nightly/nvim-osx64-nov_5_2019/share/nvim/runtime/autoload/provider/clipboard.vim
021.749  000.049  000.049: sourcing /Users/dennis/.vim/custom/terminal.vim
023.093  001.205  001.205: sourcing /Users/dennis/.vim/custom/mappings.vim
025.925  002.609  002.609: sourcing /Users/dennis/.vim/autoload/plug.vim
039.930  013.395  013.395: sourcing /Users/dennis/.vim/custom/moonfly.vim
056.423  015.580  015.580: sourcing /Users/dennis/.vim/custom/nightfly.vim
067.674  003.786  003.786: sourcing /usr/local/nvim-nightly/nvim-osx64-nov_5_2019/share/nvim/runtime/ftoff.vim
083.130  000.045  000.045: sourcing /Users/dennis/.vim/plugged/vim-fugitive/ftdetect/fugitive.vim
091.851  008.442  008.442: sourcing /Users/dennis/.vim/plugged/vim-polyglot/ftdetect/polyglot.vim
092.407  000.041  000.041: sourcing /Users/dennis/.vim/plugged/vim-editorconfig/ftdetect/editorconfig.vim
092.826  019.504  010.975: sourcing /usr/local/nvim-nightly/nvim-osx64-nov_5_2019/share/nvim/runtime/filetype.vim
093.707  000.087  000.087: sourcing /usr/local/nvim-nightly/nvim-osx64-nov_5_2019/share/nvim/runtime/ftplugin.vim
094.466  000.068  000.068: sourcing /usr/local/nvim-nightly/nvim-osx64-nov_5_2019/share/nvim/runtime/indent.vim
095.263  000.031  000.031: sourcing /usr/local/nvim-nightly/nvim-osx64-nov_5_2019/share/nvim/runtime/macros/matchit.vim
095.826  000.413  000.413: sourcing /Users/dennis/.vim/custom/autocmds.vim
097.432  000.334  000.334: sourcing /usr/local/nvim-nightly/nvim-osx64-nov_5_2019/share/nvim/runtime/syntax/syncolor.vim
099.406  000.273  000.273: sourcing /usr/local/nvim-nightly/nvim-osx64-nov_5_2019/share/nvim/runtime/syntax/syncolor.vim
100.691  000.213  000.213: sourcing /usr/local/nvim-nightly/nvim-osx64-nov_5_2019/share/nvim/runtime/syntax/syncolor.vim
105.856  009.849  009.028: sourcing /Users/dennis/.vim/plugged/vim-moonfly-colors/colors/moonfly.vim
105.880  098.915  019.477: sourcing /Users/dennis/.vimrc
105.893  099.154  000.239: sourcing /Users/dennis/.config/nvim/init.vim
105.903  000.389: sourcing vimrc file(s)
109.359  000.455  000.455: sourcing /Users/dennis/.vim/plugged/ale/autoload/ale/linter.vim
109.973  001.646  001.190: sourcing /Users/dennis/.vim/plugin/ale.vim
110.129  000.030  000.030: sourcing /Users/dennis/.vim/plugin/auto-save.vim
110.245  000.026  000.026: sourcing /Users/dennis/.vim/plugin/clever-f.vim
110.370  000.041  000.041: sourcing /Users/dennis/.vim/plugin/fugitive.vim
110.486  000.028  000.028: sourcing /Users/dennis/.vim/plugin/fzf-mru.vim
110.863  000.292  000.292: sourcing /Users/dennis/.vim/plugin/fzf.vim
111.179  000.089  000.089: sourcing /Users/dennis/.vim/plugin/gitgutter.vim
111.339  000.055  000.055: sourcing /Users/dennis/.vim/plugin/grepper.vim
111.455  000.026  000.026: sourcing /Users/dennis/.vim/plugin/indentLine.vim
111.559  000.018  000.018: sourcing /Users/dennis/.vim/plugin/lion.vim
111.705  000.062  000.062: sourcing /Users/dennis/.vim/plugin/lsc.vim
111.847  000.055  000.055: sourcing /Users/dennis/.vim/plugin/matchup.vim
112.185  000.069  000.069: sourcing /Users/dennis/.vim/plugin/miniyank.vim
112.495  000.074  000.074: sourcing /Users/dennis/.vim/plugin/moonfly-statusline.vim
112.692  000.045  000.045: sourcing /Users/dennis/.vim/plugin/nerdtree-git-plugin.vim
113.200  000.401  000.401: sourcing /Users/dennis/.vim/plugin/nerdtree.vim
113.528  000.061  000.061: sourcing /Users/dennis/.vim/plugin/obsession.vim
113.716  000.065  000.065: sourcing /Users/dennis/.vim/plugin/pear-tree.vim
113.890  000.066  000.066: sourcing /Users/dennis/.vim/plugin/polyglot.vim
114.065  000.067  000.067: sourcing /Users/dennis/.vim/plugin/projectionist.vim
114.216  000.041  000.041: sourcing /Users/dennis/.vim/plugin/rails.vim
114.342  000.024  000.024: sourcing /Users/dennis/.vim/plugin/taboo.vim
114.517  000.074  000.074: sourcing /Users/dennis/.vim/plugin/test.vim
114.654  000.034  000.034: sourcing /Users/dennis/.vim/plugin/tmux-navigator.vim
114.815  000.058  000.058: sourcing /Users/dennis/.vim/plugin/ultisnips.vim
114.994  000.076  000.076: sourcing /Users/dennis/.vim/plugin/undotree.vim
116.580  000.690  000.690: sourcing /Users/dennis/.vim/plugged/vim-moonfly-statusline/plugin/moonfly.vim
118.261  001.106  001.106: sourcing /Users/dennis/.vim/plugged/taboo.vim/plugin/taboo.vim
118.932  000.142  000.142: sourcing /Users/dennis/.vim/plugged/vim-visual-star-search/plugin/visual-star-search.vim
119.751  000.395  000.395: sourcing /Users/dennis/.vim/plugged/vim-indent-object/plugin/indent-object.vim
120.518  000.288  000.288: sourcing /Users/dennis/.vim/plugged/targets.vim/plugin/targets.vim
121.218  000.317  000.317: sourcing /Users/dennis/.vim/plugged/vim-lion/plugin/lion.vim
123.379  001.759  001.759: sourcing /Users/dennis/.vim/plugged/vim-wordmotion/plugin/wordmotion.vim
124.706  000.768  000.768: sourcing /Users/dennis/.vim/plugged/vim-surround/plugin/surround.vim
125.391  000.264  000.264: sourcing /Users/dennis/.vim/plugged/vim-commentary/plugin/commentary.vim
126.826  000.965  000.965: sourcing /Users/dennis/.vim/plugged/vim-endwise/plugin/endwise.vim
128.184  000.627  000.627: sourcing /Users/dennis/.vim/plugged/pear-tree/plugin/pear-tree.vim
129.782  000.763  000.763: sourcing /Users/dennis/.vim/plugged/vim-auto-save/plugin/AutoSave.vim
130.553  000.272  000.272: sourcing /Users/dennis/.vim/plugged/clever-f.vim/plugin/clever-f.vim
131.286  000.271  000.271: sourcing /Users/dennis/.vim/plugged/undotree/plugin/undotree.vim
133.005  001.295  001.295: sourcing /Users/dennis/.vim/plugged/vim-abolish/plugin/abolish.vim
133.872  000.406  000.406: sourcing /Users/dennis/.vim/plugged/vim-obsession/plugin/obsession.vim
153.837  019.596  019.596: sourcing /Users/dennis/.vim/plugged/vim-unimpaired/plugin/unimpaired.vim
155.308  001.045  001.045: sourcing /Users/dennis/.fzf/plugin/fzf.vim
157.158  001.493  001.493: sourcing /Users/dennis/.vim/plugged/fzf.vim/plugin/fzf.vim
158.409  000.361  000.361: sourcing /Users/dennis/.vim/plugged/fzf-mru.vim/autoload/fzf_mru/mrufiles.vim
158.684  001.101  000.740: sourcing /Users/dennis/.vim/plugged/fzf-mru.vim/plugin/fzf_mru.vim
161.475  000.542  000.542: sourcing /Users/dennis/.vim/plugged/vim-repeat/autoload/repeat.vim
161.741  002.611  002.069: sourcing /Users/dennis/.vim/plugged/vim-grepper/plugin/grepper.vim
162.750  000.378  000.378: sourcing /Users/dennis/.vim/plugged/VimCompletesMe/plugin/VimCompletesMe.vim
163.792  000.628  000.628: sourcing /Users/dennis/.vim/plugged/vim-lsc/plugin/lsc.vim
165.833  001.664  001.664: sourcing /Users/dennis/.vim/plugged/vim-fugitive/plugin/fugitive.vim
167.177  000.226  000.226: sourcing /Users/dennis/.vim/plugged/vim-gitgutter/autoload/gitgutter/utility.vim
168.341  000.210  000.210: sourcing /Users/dennis/.vim/plugged/vim-gitgutter/autoload/gitgutter/highlight.vim
169.737  003.507  003.070: sourcing /Users/dennis/.vim/plugged/vim-gitgutter/plugin/gitgutter.vim
172.151  001.983  001.983: sourcing /Users/dennis/.vim/plugged/vim-bundler/plugin/bundler.vim
172.851  000.044  000.044: sourcing /Users/dennis/.vim/plugin/projectionist.vim
173.700  000.340  000.340: sourcing /Users/dennis/.vim/plugged/vim-projectionist/plugin/projectionist.vim
174.385  001.852  001.468: sourcing /Users/dennis/.vim/plugged/vim-rails/plugin/rails.vim
174.796  000.027  000.027: sourcing /Users/dennis/.vim/plugged/vim-projectionist/plugin/projectionist.vim
176.611  000.200  000.200: sourcing /Users/dennis/.vim/plugged/ale/autoload/ale/events.vim
176.946  001.797  001.598: sourcing /Users/dennis/.vim/plugged/ale/plugin/ale.vim
178.099  000.196  000.196: sourcing /Users/dennis/.vim/plugged/vim-test/autoload/test.vim
179.252  001.943  001.746: sourcing /Users/dennis/.vim/plugged/vim-test/plugin/test.vim
180.083  000.363  000.363: sourcing /Users/dennis/.vim/plugged/vim-sleuth/plugin/sleuth.vim
180.696  000.217  000.217: sourcing /Users/dennis/.vim/plugged/vim-editorconfig/plugin/editorconfig.vim
181.466  000.388  000.388: sourcing /Users/dennis/.vim/plugged/vim-tmux-navigator/plugin/tmux_navigator.vim
182.086  000.248  000.248: sourcing /Users/dennis/.vim/plugged/nvim-miniyank/plugin/miniyank.vim
182.516  000.056  000.056: sourcing /Users/dennis/.vim/plugged/nvim-colorizer.lua/plugin/colorizer.vim
184.531  000.370  000.370: sourcing /usr/local/nvim-nightly/nvim-osx64-nov_5_2019/share/nvim/runtime/plugin/gzip.vim
184.711  000.034  000.034: sourcing /usr/local/nvim-nightly/nvim-osx64-nov_5_2019/share/nvim/runtime/plugin/health.vim
185.190  000.242  000.242: sourcing /usr/local/nvim-nightly/nvim-osx64-nov_5_2019/share/nvim/runtime/plugin/man.vim
189.192  000.446  000.446: sourcing /usr/local/nvim-nightly/nvim-osx64-nov_5_2019/share/nvim/runtime/pack/dist/opt/matchit/plugin/matchit.vim
189.313  003.954  003.508: sourcing /usr/local/nvim-nightly/nvim-osx64-nov_5_2019/share/nvim/runtime/plugin/matchit.vim
189.719  000.257  000.257: sourcing /usr/local/nvim-nightly/nvim-osx64-nov_5_2019/share/nvim/runtime/plugin/matchparen.vim
190.722  000.853  000.853: sourcing /usr/local/nvim-nightly/nvim-osx64-nov_5_2019/share/nvim/runtime/plugin/netrwPlugin.vim
191.232  000.286  000.286: sourcing /usr/local/nvim-nightly/nvim-osx64-nov_5_2019/share/nvim/runtime/plugin/rplugin.vim
191.609  000.222  000.222: sourcing /usr/local/nvim-nightly/nvim-osx64-nov_5_2019/share/nvim/runtime/plugin/shada.vim
191.821  000.051  000.051: sourcing /usr/local/nvim-nightly/nvim-osx64-nov_5_2019/share/nvim/runtime/plugin/spellfile.vim
192.242  000.275  000.275: sourcing /usr/local/nvim-nightly/nvim-osx64-nov_5_2019/share/nvim/runtime/plugin/tarPlugin.vim
192.540  000.145  000.145: sourcing /usr/local/nvim-nightly/nvim-osx64-nov_5_2019/share/nvim/runtime/plugin/tohtml.vim
192.729  000.044  000.044: sourcing /usr/local/nvim-nightly/nvim-osx64-nov_5_2019/share/nvim/runtime/plugin/tutor.vim
193.188  000.317  000.317: sourcing /usr/local/nvim-nightly/nvim-osx64-nov_5_2019/share/nvim/runtime/plugin/zipPlugin.vim
193.203  025.501: loading plugins
193.443  000.240: loading packages
194.645  000.636  000.636: sourcing /Users/dennis/.vim/plugged/indentLine/after/plugin/indentLine.vim
195.989  000.294  000.294: sourcing /Users/dennis/.vim/plugged/vim-lsc/autoload/lsc/server.vim
196.548  000.063  000.063: sourcing /Users/dennis/.vim/plugged/vim-lsc/autoload/lsc/capabilities.vim
197.173  001.949  001.591: sourcing /Users/dennis/.vim/plugged/vim-lsc/after/plugin/lsc.vim
224.386  026.369  026.369: sourcing /Users/dennis/.vim/after/plugin/abolish.vim
224.605  000.032  000.032: sourcing /Users/dennis/.vim/after/plugin/grepper.vim
233.846  009.099  009.099: sourcing /Users/dennis/.vim/after/plugin/nvim-colorizer.vim
234.323  000.290  000.290: sourcing /Users/dennis/.vim/after/plugin/sleuth.vim
234.678  000.161  000.161: sourcing /Users/dennis/.vim/after/plugin/unimpaired.vim
234.931  000.058  000.058: sourcing /Users/dennis/.vim/after/plugin/wordmotion.vim
234.946  002.909: loading after plugins
234.977  000.030: inits 3
239.166  000.575  000.575: sourcing /Users/dennis/.vim/plugged/ale/autoload/ale.vim
240.382  004.831: opening buffers
241.831  000.628  000.628: sourcing /Users/dennis/.vim/plugged/vim-gitgutter/autoload/gitgutter.vim
242.209  001.200: BufEnter autocommands
242.220  000.010: editing files in windows
242.505  000.064  000.064: sourcing /Users/dennis/.vim/autoload/diff.vim
255.137  010.821  010.821: sourcing /Users/dennis/.vim/plugged/vim-fugitive/autoload/fugitive.vim
257.307  004.202: VimEnter autocommands
257.312  000.005: UIEnter autocommands
257.317  000.005: before starting main loop
259.598  002.281: first screen update
259.603  000.005: --- NVIM STARTED ---
